<?xml version="1.0" encoding="UTF-8"?>
<coverage generated="1667246938256" clover="3.2.0">
  <project timestamp="1667246938256" name="All files">
    <metrics statements="21" coveredstatements="8" conditionals="12" coveredconditionals="2" methods="12" coveredmethods="5" elements="45" coveredelements="15" complexity="0" loc="21" ncloc="21" packages="2" files="6" classes="6"/>
    <package name="src">
      <metrics statements="11" coveredstatements="1" conditionals="10" coveredconditionals="0" methods="5" coveredmethods="1"/>
      <file name="App.js" path="/workspace/react_fall22/classdemo/src/App.js">
        <metrics statements="3" coveredstatements="1" conditionals="2" coveredconditionals="0" methods="2" coveredmethods="1"/>
        <line num="6" count="1" type="stmt"/>
        <line num="20" count="0" type="cond" truecount="0" falsecount="2"/>
        <line num="21" count="0" type="stmt"/>
      </file>
      <file name="index.js" path="/workspace/react_fall22/classdemo/src/index.js">
        <metrics statements="8" coveredstatements="0" conditionals="8" coveredconditionals="0" methods="3" coveredmethods="0"/>
        <line num="6" count="0" type="stmt"/>
        <line num="7" count="0" type="stmt"/>
        <line num="9" count="0" type="stmt"/>
        <line num="10" count="0" type="cond" truecount="0" falsecount="4"/>
        <line num="11" count="0" type="stmt"/>
        <line num="12" count="0" type="stmt"/>
        <line num="26" count="0" type="stmt"/>
        <line num="27" count="0" type="stmt"/>
      </file>
    </package>
    <package name="src.components">
      <metrics statements="10" coveredstatements="7" conditionals="2" coveredconditionals="2" methods="7" coveredmethods="4"/>
      <file name="DarkTheme.js" path="/workspace/react_fall22/classdemo/src/components/DarkTheme.js">
        <metrics statements="1" coveredstatements="0" conditionals="0" coveredconditionals="0" methods="1" coveredmethods="0"/>
        <line num="4" count="0" type="stmt"/>
      </file>
      <file name="Header.jsx" path="/workspace/react_fall22/classdemo/src/components/Header.jsx">
        <metrics statements="5" coveredstatements="5" conditionals="2" coveredconditionals="2" methods="3" coveredmethods="3"/>
        <line num="7" count="2" type="stmt"/>
        <line num="8" count="2" type="stmt"/>
        <line num="22" count="3" type="stmt"/>
        <line num="24" count="3" type="stmt"/>
        <line num="35" count="1" type="stmt"/>
      </file>
      <file name="LightTheme.js" path="/workspace/react_fall22/classdemo/src/components/LightTheme.js">
        <metrics statements="1" coveredstatements="0" conditionals="0" coveredconditionals="0" methods="1" coveredmethods="0"/>
        <line num="4" count="0" type="stmt"/>
      </file>
      <file name="MainBody.jsx" path="/workspace/react_fall22/classdemo/src/components/MainBody.jsx">
        <metrics statements="3" coveredstatements="2" conditionals="0" coveredconditionals="0" methods="2" coveredmethods="1"/>
        <line num="5" count="3" type="stmt"/>
        <line num="8" count="0" type="stmt"/>
        <line num="11" count="3" type="stmt"/>
      </file>
    </package>
  </project>
</coverage>
